============================= test session starts ==============================
platform linux -- Python 3.11.15, pytest-8.0.0, pluggy-1.6.0
rootdir: /code
plugins: pythonpath-0.7.3, anyio-4.14.0, mock-3.15.1
collected 1 item

tests/test_chat_streaming.py F                                           [100%]

=================================== FAILURES ===================================
_____________________________ test_chat_streaming ______________________________

mock_enforce = <AsyncMock name='enforce_plan_limits' id='281473304244368'>
mock_get_limits = <AsyncMock name='get_plan_limits' id='281473292015760'>
mock_embedding = <AsyncMock name='get_embedding' id='281473291933520'>
mock_stream = <AsyncMock name='get_chat_completion_stream' id='281473291934288'>
mock_redis = <AsyncMock name='redis_client' id='281473293372240'>
client = <starlette.testclient.TestClient object at 0xffff9baa4910>

    @patch("app.utils.redis_client.redis_client", new_callable=AsyncMock)
    @patch("app.services.chat_service.get_chat_completion_stream", new_callable=AsyncMock)
    @patch("app.services.chat_service.get_embedding", new_callable=AsyncMock)
    @patch("app.api.chat.get_plan_limits")
    @patch("app.api.chat.enforce_plan_limits", new_callable=AsyncMock)
    def test_chat_streaming(mock_enforce, mock_get_limits, mock_embedding, mock_stream, mock_redis, client):
        # Bypass throttler gates
        mock_enforce.return_value = None
        mock_redis.is_circuit_broken.return_value = False
        mock_redis.get_cache.return_value = None
        # Mock plan limits
        from app.core.plan_limits import PlanLimits
        limits = PlanLimits.from_features({
            "model_limits": {
                "max_tokens_per_request": 100,
                "max_chunks_per_query": 5,
                "allowed_models": ["gpt-4o-mini"]
            }
        })
        mock_get_limits.return_value = limits
    
        # Mock DB
        mock_session = AsyncMock()
        mock_result = MagicMock()
        mock_result.scalars.return_value.all.return_value = [] # No chunks for simplicity
        mock_session.execute.return_value = mock_result
    
        async def override_get_db():
            yield mock_session
        app.dependency_overrides[get_db] = override_get_db
    
        # Mock Embedding
        mock_embedding.return_value = [0.1] * 1536
    
        # Mock Streaming Response
        async def mock_stream_generator():
            chunks = ["Hello", " world", "!"]
            for c in chunks:
                mock_chunk = MagicMock()
                mock_chunk.choices = [MagicMock(delta=MagicMock(content=c))]
                yield mock_chunk
    
            # Final usage chunk
            usage_chunk = MagicMock()
            usage_chunk.choices = []
            usage_chunk.usage = MagicMock(prompt_tokens=10, completion_tokens=5, total_tokens=15)
            yield usage_chunk
    
        mock_stream.return_value = mock_stream_generator()
    
        # Mock Celery
        with patch("app.tasks.background.persist_chat_response.delay") as mock_delay:
            response = client.post(
                "/v1/chat/",
                json={"query": "Hi", "stream": True}
            )
    
        assert response.status_code == 200
        assert response.headers["content-type"] == "text/plain; charset=utf-8"
    
        # Collect streamed content
        content = ""
        for chunk in response.iter_bytes():
            content += chunk.decode()
    
>       assert content == "Hello world!"
E       assert "I'm sorry, I...owledge base." == 'Hello world!'
E         
E         - Hello world!
E         + I'm sorry, I don't have enough information to answer that based on my knowledge base.

tests/test_chat_streaming.py:95: AssertionError
------------------------------ Captured log setup ------------------------------
DEBUG    asyncio:selector_events.py:54 Using selector: EpollSelector
----------------------------- Captured stdout call -----------------------------
- request_started {'path': '/v1/chat/', 'method': 'POST'}
2026-06-24 17:58:50.245 | INFO     | 61cea669-1103-4a2a-a3f5-d597357328b5 - No context found for tenant cabe5c62-b9dc-409c-8470-a7255a5e7dd0 in streaming request. Returning fallback. {'path': '/v1/chat/', 'method': 'POST'}
------------------------------ Captured log call -------------------------------
DEBUG    celery.utils.functional:functional.py:375 
def persist_chat_response(tenant_id_str, session_id, data):
    return 1
--------------------------- Captured stdout teardown ---------------------------
2026-06-24 17:58:50.247 | INFO     | SYSTEM - HTTP Request: POST http://testserver/v1/chat/ "HTTP/1.1 200 OK"
2026-06-24 17:58:50.296 | INFO     | SYSTEM - Redis connection closed
2026-06-24 17:58:50.296 | INFO     | SYSTEM - Application shutdown: Redis closed
=============================== warnings summary ===============================
app/db/models.py:9
  /code/app/db/models.py:9: MovedIn20Warning: The ``declarative_base()`` function is now available as sqlalchemy.orm.declarative_base(). (deprecated since: 2.0) (Background on SQLAlchemy 2.0 at: https://sqlalche.me/e/b8d9)
    Base = declarative_base()

../usr/local/lib/python3.11/site-packages/passlib/utils/__init__.py:854
  /usr/local/lib/python3.11/site-packages/passlib/utils/__init__.py:854: DeprecationWarning: 'crypt' is deprecated and slated for removal in Python 3.13
    from crypt import crypt as _crypt

app/schema.py:26
  /code/app/schema.py:26: PydanticDeprecatedSince20: Support for class-based `config` is deprecated, use ConfigDict instead. Deprecated in Pydantic V2.0 to be removed in V3.0. See Pydantic V2 Migration Guide at https://errors.pydantic.dev/2.13/migration/
    class AccountOut(BaseModel):

../usr/local/lib/python3.11/site-packages/pydantic/_internal/_config.py:386
  /usr/local/lib/python3.11/site-packages/pydantic/_internal/_config.py:386: UserWarning: Valid config keys have changed in V2:
  * 'orm_mode' has been renamed to 'from_attributes'
    warnings.warn(message, UserWarning)

app/schema.py:71
  /code/app/schema.py:71: PydanticDeprecatedSince20: Support for class-based `config` is deprecated, use ConfigDict instead. Deprecated in Pydantic V2.0 to be removed in V3.0. See Pydantic V2 Migration Guide at https://errors.pydantic.dev/2.13/migration/
    class ConversationOut(BaseModel):

app/schema.py:85
  /code/app/schema.py:85: PydanticDeprecatedSince20: Support for class-based `config` is deprecated, use ConfigDict instead. Deprecated in Pydantic V2.0 to be removed in V3.0. See Pydantic V2 Migration Guide at https://errors.pydantic.dev/2.13/migration/
    class MessageOut(BaseModel):

app/schema.py:126
  /code/app/schema.py:126: PydanticDeprecatedSince20: Support for class-based `config` is deprecated, use ConfigDict instead. Deprecated in Pydantic V2.0 to be removed in V3.0. See Pydantic V2 Migration Guide at https://errors.pydantic.dev/2.13/migration/
    class CouponOut(BaseModel):

app/schema.py:143
  /code/app/schema.py:143: PydanticDeprecatedSince20: Support for class-based `config` is deprecated, use ConfigDict instead. Deprecated in Pydantic V2.0 to be removed in V3.0. See Pydantic V2 Migration Guide at https://errors.pydantic.dev/2.13/migration/
    class CouponUsageOut(BaseModel):

app/schema.py:167
  /code/app/schema.py:167: PydanticDeprecatedSince20: Support for class-based `config` is deprecated, use ConfigDict instead. Deprecated in Pydantic V2.0 to be removed in V3.0. See Pydantic V2 Migration Guide at https://errors.pydantic.dev/2.13/migration/
    class TenantOut(BaseModel):

app/schema.py:188
  /code/app/schema.py:188: PydanticDeprecatedSince20: Support for class-based `config` is deprecated, use ConfigDict instead. Deprecated in Pydantic V2.0 to be removed in V3.0. See Pydantic V2 Migration Guide at https://errors.pydantic.dev/2.13/migration/
    class TenantUpdate(BaseModel):

app/schema.py:205
  /code/app/schema.py:205: PydanticDeprecatedSince20: Support for class-based `config` is deprecated, use ConfigDict instead. Deprecated in Pydantic V2.0 to be removed in V3.0. See Pydantic V2 Migration Guide at https://errors.pydantic.dev/2.13/migration/
    class TenantUserOut(BaseModel):

app/schema.py:219
  /code/app/schema.py:219: PydanticDeprecatedSince20: Support for class-based `config` is deprecated, use ConfigDict instead. Deprecated in Pydantic V2.0 to be removed in V3.0. See Pydantic V2 Migration Guide at https://errors.pydantic.dev/2.13/migration/
    class TenantConfigOut(BaseModel):

app/schema.py:233
  /code/app/schema.py:233: PydanticDeprecatedSince20: Support for class-based `config` is deprecated, use ConfigDict instead. Deprecated in Pydantic V2.0 to be removed in V3.0. See Pydantic V2 Migration Guide at https://errors.pydantic.dev/2.13/migration/
    class PlanPriceOut(BaseModel):

app/schema.py:263
  /code/app/schema.py:263: PydanticDeprecatedSince20: Support for class-based `config` is deprecated, use ConfigDict instead. Deprecated in Pydantic V2.0 to be removed in V3.0. See Pydantic V2 Migration Guide at https://errors.pydantic.dev/2.13/migration/
    class PlanOut(BaseModel):

app/schema.py:287
  /code/app/schema.py:287: PydanticDeprecatedSince20: Support for class-based `config` is deprecated, use ConfigDict instead. Deprecated in Pydantic V2.0 to be removed in V3.0. See Pydantic V2 Migration Guide at https://errors.pydantic.dev/2.13/migration/
    class PlanUpdate(BaseModel):

app/schema.py:307
  /code/app/schema.py:307: PydanticDeprecatedSince20: Support for class-based `config` is deprecated, use ConfigDict instead. Deprecated in Pydantic V2.0 to be removed in V3.0. See Pydantic V2 Migration Guide at https://errors.pydantic.dev/2.13/migration/
    class PublicPlanOut(BaseModel):

app/schema.py:333
  /code/app/schema.py:333: PydanticDeprecatedSince20: Support for class-based `config` is deprecated, use ConfigDict instead. Deprecated in Pydantic V2.0 to be removed in V3.0. See Pydantic V2 Migration Guide at https://errors.pydantic.dev/2.13/migration/
    class ChatbotConfigOut(BaseModel):

app/schema.py:359
  /code/app/schema.py:359: PydanticDeprecatedSince20: Support for class-based `config` is deprecated, use ConfigDict instead. Deprecated in Pydantic V2.0 to be removed in V3.0. See Pydantic V2 Migration Guide at https://errors.pydantic.dev/2.13/migration/
    class KnowledgeBaseFileOut(BaseModel):

app/schema.py:392
  /code/app/schema.py:392: PydanticDeprecatedSince20: Support for class-based `config` is deprecated, use ConfigDict instead. Deprecated in Pydantic V2.0 to be removed in V3.0. See Pydantic V2 Migration Guide at https://errors.pydantic.dev/2.13/migration/
    class KnowledgeBaseChunkOut(BaseModel):

app/schema.py:415
  /code/app/schema.py:415: PydanticDeprecatedSince20: Support for class-based `config` is deprecated, use ConfigDict instead. Deprecated in Pydantic V2.0 to be removed in V3.0. See Pydantic V2 Migration Guide at https://errors.pydantic.dev/2.13/migration/
    class ApiKeyOut(BaseModel):

app/schema.py:469
  /code/app/schema.py:469: PydanticDeprecatedSince20: Support for class-based `config` is deprecated, use ConfigDict instead. Deprecated in Pydantic V2.0 to be removed in V3.0. See Pydantic V2 Migration Guide at https://errors.pydantic.dev/2.13/migration/
    class TenantLimitsOverrideOut(TenantLimitsOverrideBase):

app/schema.py:481
  /code/app/schema.py:481: PydanticDeprecatedSince20: Support for class-based `config` is deprecated, use ConfigDict instead. Deprecated in Pydantic V2.0 to be removed in V3.0. See Pydantic V2 Migration Guide at https://errors.pydantic.dev/2.13/migration/
    class TenantSettingsOut(BaseModel):

app/schema.py:497
  /code/app/schema.py:497: PydanticDeprecatedSince20: Support for class-based `config` is deprecated, use ConfigDict instead. Deprecated in Pydantic V2.0 to be removed in V3.0. See Pydantic V2 Migration Guide at https://errors.pydantic.dev/2.13/migration/
    class TenantSubscriptionOut(BaseModel):

app/core/config.py:55
  /code/app/core/config.py:55: PydanticDeprecatedSince20: Pydantic V1 style `@validator` validators are deprecated. You should migrate to Pydantic V2 style `@field_validator` validators, see the migration guide for more details. Deprecated in Pydantic V2.0 to be removed in V3.0. See Pydantic V2 Migration Guide at https://errors.pydantic.dev/2.13/migration/
    @validator("BACKEND_CORS_ORIGINS", pre=True)

app/core/config.py:69
  /code/app/core/config.py:69: PydanticDeprecatedSince20: Pydantic V1 style `@validator` validators are deprecated. You should migrate to Pydantic V2 style `@field_validator` validators, see the migration guide for more details. Deprecated in Pydantic V2.0 to be removed in V3.0. See Pydantic V2 Migration Guide at https://errors.pydantic.dev/2.13/migration/
    @validator("PORTAL_DOMAINS", pre=True)

app/api/chat.py:29
  /code/app/api/chat.py:29: PydanticDeprecatedSince20: Pydantic V1 style `@validator` validators are deprecated. You should migrate to Pydantic V2 style `@field_validator` validators, see the migration guide for more details. Deprecated in Pydantic V2.0 to be removed in V3.0. See Pydantic V2 Migration Guide at https://errors.pydantic.dev/2.13/migration/
    @validator('query')

tests/test_chat_streaming.py::test_chat_streaming
  /usr/local/lib/python3.11/site-packages/httpx/_client.py:680: DeprecationWarning: The 'app' shortcut is now deprecated. Use the explicit style 'transport=WSGITransport(app=...)' instead.
    warnings.warn(message, DeprecationWarning)

tests/test_chat_streaming.py::test_chat_streaming
  /code/app/utils/redis_client.py:37: DeprecationWarning: Call to deprecated close. (Use aclose() instead) -- Deprecated since version 5.0.1.
    await self._redis.close()

../usr/local/lib/python3.11/site-packages/_pytest/cacheprovider.py:445
  /usr/local/lib/python3.11/site-packages/_pytest/cacheprovider.py:445: PytestCacheWarning: could not create cache path /code/.pytest_cache/v/cache/nodeids: [Errno 13] Permission denied: '/code/.pytest_cache'
    config.cache.set("cache/nodeids", sorted(self.cached_nodeids))

../usr/local/lib/python3.11/site-packages/_pytest/cacheprovider.py:397
  /usr/local/lib/python3.11/site-packages/_pytest/cacheprovider.py:397: PytestCacheWarning: could not create cache path /code/.pytest_cache/v/cache/lastfailed: [Errno 13] Permission denied: '/code/.pytest_cache'
    config.cache.set("cache/lastfailed", self.lastfailed)

../usr/local/lib/python3.11/site-packages/_pytest/stepwise.py:56
  /usr/local/lib/python3.11/site-packages/_pytest/stepwise.py:56: PytestCacheWarning: could not create cache path /code/.pytest_cache/v/cache/stepwise: [Errno 13] Permission denied: '/code/.pytest_cache'
    session.config.cache.set(STEPWISE_CACHE_DIR, [])

-- Docs: https://docs.pytest.org/en/stable/how-to/capture-warnings.html
=========================== short test summary info ============================
FAILED tests/test_chat_streaming.py::test_chat_streaming - assert "I'm sorry,...
======================== 1 failed, 31 warnings in 0.11s ========================
